Determining if the Q_WS_WIN exist failed with the following output:
Change Dir: /home/echurch/epics/cutecom-0.22.0/CMakeFiles/CMakeTmp

Run Build Command:/usr/bin/gmake "cmTryCompileExec640213712/fast"
/usr/bin/gmake -f CMakeFiles/cmTryCompileExec640213712.dir/build.make CMakeFiles/cmTryCompileExec640213712.dir/build
gmake[1]: Entering directory `/home/echurch/epics/cutecom-0.22.0/CMakeFiles/CMakeTmp'
/usr/bin/cmake -E cmake_progress_report /home/echurch/epics/cutecom-0.22.0/CMakeFiles/CMakeTmp/CMakeFiles 1
Building CXX object CMakeFiles/cmTryCompileExec640213712.dir/CheckSymbolExists.cxx.o
/usr/bin/c++     -o CMakeFiles/cmTryCompileExec640213712.dir/CheckSymbolExists.cxx.o -c /home/echurch/epics/cutecom-0.22.0/CMakeFiles/CMakeTmp/CheckSymbolExists.cxx
/home/echurch/epics/cutecom-0.22.0/CMakeFiles/CMakeTmp/CheckSymbolExists.cxx: In function ‘int main(int, char**)’:
/home/echurch/epics/cutecom-0.22.0/CMakeFiles/CMakeTmp/CheckSymbolExists.cxx:8:19: error: ‘Q_WS_WIN’ was not declared in this scope
   return ((int*)(&Q_WS_WIN))[argc];
                   ^
gmake[1]: *** [CMakeFiles/cmTryCompileExec640213712.dir/CheckSymbolExists.cxx.o] Error 1
gmake[1]: Leaving directory `/home/echurch/epics/cutecom-0.22.0/CMakeFiles/CMakeTmp'
gmake: *** [cmTryCompileExec640213712/fast] Error 2

File /home/echurch/epics/cutecom-0.22.0/CMakeFiles/CMakeTmp/CheckSymbolExists.cxx:
/* */
#include <QtCore/qglobal.h>

int main(int argc, char** argv)
{
  (void)argv;
#ifndef Q_WS_WIN
  return ((int*)(&Q_WS_WIN))[argc];
#else
  (void)argc;
  return 0;
#endif
}

Determining if the Q_WS_QWS exist failed with the following output:
Change Dir: /home/echurch/epics/cutecom-0.22.0/CMakeFiles/CMakeTmp

Run Build Command:/usr/bin/gmake "cmTryCompileExec3963590058/fast"
/usr/bin/gmake -f CMakeFiles/cmTryCompileExec3963590058.dir/build.make CMakeFiles/cmTryCompileExec3963590058.dir/build
gmake[1]: Entering directory `/home/echurch/epics/cutecom-0.22.0/CMakeFiles/CMakeTmp'
/usr/bin/cmake -E cmake_progress_report /home/echurch/epics/cutecom-0.22.0/CMakeFiles/CMakeTmp/CMakeFiles 1
Building CXX object CMakeFiles/cmTryCompileExec3963590058.dir/CheckSymbolExists.cxx.o
/usr/bin/c++     -o CMakeFiles/cmTryCompileExec3963590058.dir/CheckSymbolExists.cxx.o -c /home/echurch/epics/cutecom-0.22.0/CMakeFiles/CMakeTmp/CheckSymbolExists.cxx
/home/echurch/epics/cutecom-0.22.0/CMakeFiles/CMakeTmp/CheckSymbolExists.cxx: In function ‘int main(int, char**)’:
/home/echurch/epics/cutecom-0.22.0/CMakeFiles/CMakeTmp/CheckSymbolExists.cxx:8:19: error: ‘Q_WS_QWS’ was not declared in this scope
   return ((int*)(&Q_WS_QWS))[argc];
                   ^
gmake[1]: *** [CMakeFiles/cmTryCompileExec3963590058.dir/CheckSymbolExists.cxx.o] Error 1
gmake[1]: Leaving directory `/home/echurch/epics/cutecom-0.22.0/CMakeFiles/CMakeTmp'
gmake: *** [cmTryCompileExec3963590058/fast] Error 2

File /home/echurch/epics/cutecom-0.22.0/CMakeFiles/CMakeTmp/CheckSymbolExists.cxx:
/* */
#include <QtCore/qglobal.h>

int main(int argc, char** argv)
{
  (void)argv;
#ifndef Q_WS_QWS
  return ((int*)(&Q_WS_QWS))[argc];
#else
  (void)argc;
  return 0;
#endif
}

Determining if the Q_WS_MAC exist failed with the following output:
Change Dir: /home/echurch/epics/cutecom-0.22.0/CMakeFiles/CMakeTmp

Run Build Command:/usr/bin/gmake "cmTryCompileExec3975613555/fast"
/usr/bin/gmake -f CMakeFiles/cmTryCompileExec3975613555.dir/build.make CMakeFiles/cmTryCompileExec3975613555.dir/build
gmake[1]: Entering directory `/home/echurch/epics/cutecom-0.22.0/CMakeFiles/CMakeTmp'
/usr/bin/cmake -E cmake_progress_report /home/echurch/epics/cutecom-0.22.0/CMakeFiles/CMakeTmp/CMakeFiles 1
Building CXX object CMakeFiles/cmTryCompileExec3975613555.dir/CheckSymbolExists.cxx.o
/usr/bin/c++     -o CMakeFiles/cmTryCompileExec3975613555.dir/CheckSymbolExists.cxx.o -c /home/echurch/epics/cutecom-0.22.0/CMakeFiles/CMakeTmp/CheckSymbolExists.cxx
/home/echurch/epics/cutecom-0.22.0/CMakeFiles/CMakeTmp/CheckSymbolExists.cxx: In function ‘int main(int, char**)’:
/home/echurch/epics/cutecom-0.22.0/CMakeFiles/CMakeTmp/CheckSymbolExists.cxx:8:19: error: ‘Q_WS_MAC’ was not declared in this scope
   return ((int*)(&Q_WS_MAC))[argc];
                   ^
gmake[1]: *** [CMakeFiles/cmTryCompileExec3975613555.dir/CheckSymbolExists.cxx.o] Error 1
gmake[1]: Leaving directory `/home/echurch/epics/cutecom-0.22.0/CMakeFiles/CMakeTmp'
gmake: *** [cmTryCompileExec3975613555/fast] Error 2

File /home/echurch/epics/cutecom-0.22.0/CMakeFiles/CMakeTmp/CheckSymbolExists.cxx:
/* */
#include <QtCore/qglobal.h>

int main(int argc, char** argv)
{
  (void)argv;
#ifndef Q_WS_MAC
  return ((int*)(&Q_WS_MAC))[argc];
#else
  (void)argc;
  return 0;
#endif
}

